<?xml version="1.0" encoding="UTF-8"?>
<coverage generated="1781106613273" clover="3.2.0">
  <project timestamp="1781106613273" name="All files">
    <metrics statements="92" coveredstatements="85" conditionals="56" coveredconditionals="41" methods="17" coveredmethods="16" elements="165" coveredelements="142" complexity="0" loc="92" ncloc="92" packages="1" files="1" classes="1"/>
    <file name="server.js" path="C:\Users\Karol\Documents\Semestre 7\Desarrollo\vivaeventos-proyecto\server.js">
      <metrics statements="92" coveredstatements="85" conditionals="56" coveredconditionals="41" methods="17" coveredmethods="16"/>
      <line num="1" count="1" type="stmt"/>
      <line num="2" count="1" type="stmt"/>
      <line num="3" count="1" type="stmt"/>
      <line num="4" count="1" type="stmt"/>
      <line num="5" count="1" type="stmt"/>
      <line num="7" count="1" type="cond" truecount="2" falsecount="0"/>
      <line num="8" count="1" type="cond" truecount="2" falsecount="0"/>
      <line num="11" count="1" type="stmt"/>
      <line num="12" count="1" type="cond" truecount="1" falsecount="1"/>
      <line num="13" count="0" type="stmt"/>
      <line num="15" count="1" type="stmt"/>
      <line num="24" count="8" type="cond" truecount="2" falsecount="0"/>
      <line num="25" count="1" type="stmt"/>
      <line num="29" count="4" type="stmt"/>
      <line num="30" count="4" type="stmt"/>
      <line num="31" count="4" type="stmt"/>
      <line num="32" count="10" type="cond" truecount="5" falsecount="0"/>
      <line num="33" count="3" type="stmt"/>
      <line num="37" count="1" type="stmt"/>
      <line num="41" count="2" type="stmt"/>
      <line num="42" count="2" type="cond" truecount="2" falsecount="0"/>
      <line num="43" count="1" type="stmt"/>
      <line num="53" count="17" type="cond" truecount="1" falsecount="1"/>
      <line num="54" count="17" type="cond" truecount="1" falsecount="1"/>
      <line num="56" count="17" type="stmt"/>
      <line num="58" count="17" type="stmt"/>
      <line num="59" count="7" type="stmt"/>
      <line num="60" count="7" type="cond" truecount="1" falsecount="1"/>
      <line num="61" count="0" type="stmt"/>
      <line num="62" count="0" type="stmt"/>
      <line num="64" count="7" type="stmt"/>
      <line num="65" count="7" type="stmt"/>
      <line num="66" count="7" type="stmt"/>
      <line num="67" count="7" type="cond" truecount="2" falsecount="0"/>
      <line num="68" count="1" type="stmt"/>
      <line num="70" count="6" type="stmt"/>
      <line num="71" count="6" type="stmt"/>
      <line num="74" count="17" type="stmt"/>
      <line num="76" count="17" type="stmt"/>
      <line num="81" count="1" type="stmt"/>
      <line num="82" count="1" type="stmt"/>
      <line num="85" count="1" type="stmt"/>
      <line num="88" count="1" type="cond" truecount="3" falsecount="0"/>
      <line num="89" count="1" type="cond" truecount="1" falsecount="1"/>
      <line num="90" count="1" type="stmt"/>
      <line num="91" count="1" type="stmt"/>
      <line num="93" count="1" type="stmt"/>
      <line num="97" count="17" type="stmt"/>
      <line num="99" count="17" type="stmt"/>
      <line num="100" count="3" type="stmt"/>
      <line num="101" count="3" type="cond" truecount="3" falsecount="1"/>
      <line num="102" count="0" type="stmt"/>
      <line num="104" count="3" type="cond" truecount="2" falsecount="0"/>
      <line num="105" count="3" type="stmt"/>
      <line num="114" count="3" type="stmt"/>
      <line num="122" count="3" type="stmt"/>
      <line num="123" count="3" type="stmt"/>
      <line num="127" count="2" type="stmt"/>
      <line num="128" count="2" type="cond" truecount="1" falsecount="1"/>
      <line num="129" count="2" type="cond" truecount="2" falsecount="0"/>
      <line num="130" count="2" type="stmt"/>
      <line num="131" count="2" type="stmt"/>
      <line num="133" count="1" type="stmt"/>
      <line num="134" count="1" type="stmt"/>
      <line num="143" count="17" type="stmt"/>
      <line num="144" count="17" type="stmt"/>
      <line num="145" count="68" type="stmt"/>
      <line num="149" count="17" type="stmt"/>
      <line num="150" count="1" type="stmt"/>
      <line num="156" count="17" type="stmt"/>
      <line num="157" count="2" type="cond" truecount="4" falsecount="0"/>
      <line num="158" count="1" type="stmt"/>
      <line num="159" count="1" type="cond" truecount="2" falsecount="2"/>
      <line num="160" count="1" type="stmt"/>
      <line num="163" count="1" type="stmt"/>
      <line num="166" count="17" type="stmt"/>
      <line num="170" count="2" type="stmt"/>
      <line num="171" count="2" type="cond" truecount="1" falsecount="1"/>
      <line num="173" count="2" type="cond" truecount="1" falsecount="1"/>
      <line num="174" count="0" type="stmt"/>
      <line num="175" count="0" type="stmt"/>
      <line num="178" count="2" type="stmt"/>
      <line num="179" count="2" type="stmt"/>
      <line num="180" count="2" type="stmt"/>
      <line num="181" count="2" type="stmt"/>
      <line num="182" count="2" type="stmt"/>
      <line num="183" count="2" type="stmt"/>
      <line num="184" count="2" type="stmt"/>
      <line num="185" count="2" type="stmt"/>
      <line num="189" count="1" type="cond" truecount="1" falsecount="1"/>
      <line num="190" count="0" type="stmt"/>
      <line num="193" count="1" type="stmt"/>
    </file>
  </project>
</coverage>
