{"C:\\Users\\Karol\\Documents\\Semestre 7\\Desarrollo\\vivaeventos-proyecto\\server.js": {"path":"C:\\Users\\Karol\\Documents\\Semestre 7\\Desarrollo\\vivaeventos-proyecto\\server.js","statementMap":{"0":{"start":{"line":1,"column":16},"end":{"line":1,"column":34}},"1":{"start":{"line":2,"column":13},"end":{"line":2,"column":28}},"2":{"start":{"line":3,"column":17},"end":{"line":3,"column":30}},"3":{"start":{"line":4,"column":34},"end":{"line":4,"column":66}},"4":{"start":{"line":5,"column":11},"end":{"line":5,"column":24}},"5":{"start":{"line":7,"column":13},"end":{"line":7,"column":37}},"6":{"start":{"line":8,"column":16},"end":{"line":8,"column":66}},"7":{"start":{"line":11,"column":23},"end":{"line":11,"column":50}},"8":{"start":{"line":12,"column":4},"end":{"line":14,"column":5}},"9":{"start":{"line":13,"column":8},"end":{"line":13,"column":84}},"10":{"start":{"line":13,"column":53},"end":{"line":13,"column":66}},"11":{"start":{"line":15,"column":4},"end":{"line":20,"column":6}},"12":{"start":{"line":24,"column":4},"end":{"line":24,"column":30}},"13":{"start":{"line":24,"column":17},"end":{"line":24,"column":30}},"14":{"start":{"line":25,"column":4},"end":{"line":25,"column":48}},"15":{"start":{"line":29,"column":23},"end":{"line":29,"column":45}},"16":{"start":{"line":30,"column":4},"end":{"line":36,"column":5}},"17":{"start":{"line":31,"column":8},"end":{"line":35,"column":9}},"18":{"start":{"line":32,"column":12},"end":{"line":34,"column":13}},"19":{"start":{"line":33,"column":16},"end":{"line":33,"column":37}},"20":{"start":{"line":37,"column":4},"end":{"line":37,"column":23}},"21":{"start":{"line":41,"column":17},"end":{"line":41,"column":46}},"22":{"start":{"line":42,"column":4},"end":{"line":42,"column":27}},"23":{"start":{"line":42,"column":15},"end":{"line":42,"column":27}},"24":{"start":{"line":43,"column":4},"end":{"line":49,"column":7}},"25":{"start":{"line":53,"column":24},"end":{"line":53,"column":56}},"26":{"start":{"line":54,"column":28},"end":{"line":54,"column":67}},"27":{"start":{"line":56,"column":16},"end":{"line":56,"column":25}},"28":{"start":{"line":58,"column":4},"end":{"line":72,"column":7}},"29":{"start":{"line":59,"column":23},"end":{"line":59,"column":41}},"30":{"start":{"line":60,"column":8},"end":{"line":63,"column":9}},"31":{"start":{"line":61,"column":12},"end":{"line":61,"column":62}},"32":{"start":{"line":62,"column":12},"end":{"line":62,"column":41}},"33":{"start":{"line":64,"column":8},"end":{"line":64,"column":93}},"34":{"start":{"line":65,"column":8},"end":{"line":65,"column":116}},"35":{"start":{"line":66,"column":8},"end":{"line":66,"column":70}},"36":{"start":{"line":67,"column":8},"end":{"line":69,"column":9}},"37":{"start":{"line":68,"column":12},"end":{"line":68,"column":39}},"38":{"start":{"line":70,"column":8},"end":{"line":70,"column":54}},"39":{"start":{"line":71,"column":8},"end":{"line":71,"column":15}},"40":{"start":{"line":74,"column":4},"end":{"line":74,"column":71}},"41":{"start":{"line":76,"column":21},"end":{"line":95,"column":6}},"42":{"start":{"line":81,"column":12},"end":{"line":81,"column":56}},"43":{"start":{"line":82,"column":12},"end":{"line":82,"column":69}},"44":{"start":{"line":85,"column":12},"end":{"line":85,"column":81}},"45":{"start":{"line":88,"column":27},"end":{"line":88,"column":67}},"46":{"start":{"line":89,"column":12},"end":{"line":92,"column":13}},"47":{"start":{"line":90,"column":16},"end":{"line":90,"column":73}},"48":{"start":{"line":91,"column":16},"end":{"line":91,"column":52}},"49":{"start":{"line":93,"column":12},"end":{"line":93,"column":86}},"50":{"start":{"line":97,"column":4},"end":{"line":97,"column":33}},"51":{"start":{"line":99,"column":4},"end":{"line":136,"column":7}},"52":{"start":{"line":100,"column":8},"end":{"line":135,"column":9}},"53":{"start":{"line":101,"column":12},"end":{"line":103,"column":13}},"54":{"start":{"line":102,"column":16},"end":{"line":102,"column":82}},"55":{"start":{"line":104,"column":29},"end":{"line":104,"column":53}},"56":{"start":{"line":105,"column":31},"end":{"line":113,"column":50}},"57":{"start":{"line":114,"column":31},"end":{"line":121,"column":50}},"58":{"start":{"line":122,"column":27},"end":{"line":122,"column":37}},"59":{"start":{"line":123,"column":45},"end":{"line":126,"column":14}},"60":{"start":{"line":127,"column":23},"end":{"line":127,"column":25}},"61":{"start":{"line":128,"column":12},"end":{"line":128,"column":93}},"62":{"start":{"line":128,"column":51},"end":{"line":128,"column":93}},"63":{"start":{"line":129,"column":12},"end":{"line":129,"column":93}},"64":{"start":{"line":129,"column":51},"end":{"line":129,"column":93}},"65":{"start":{"line":130,"column":12},"end":{"line":130,"column":85}},"66":{"start":{"line":130,"column":32},"end":{"line":130,"column":83}},"67":{"start":{"line":131,"column":12},"end":{"line":131,"column":27}},"68":{"start":{"line":133,"column":12},"end":{"line":133,"column":53}},"69":{"start":{"line":134,"column":12},"end":{"line":134,"column":57}},"70":{"start":{"line":143,"column":24},"end":{"line":143,"column":64}},"71":{"start":{"line":144,"column":4},"end":{"line":146,"column":7}},"72":{"start":{"line":145,"column":8},"end":{"line":145,"column":70}},"73":{"start":{"line":149,"column":4},"end":{"line":151,"column":7}},"74":{"start":{"line":150,"column":8},"end":{"line":150,"column":57}},"75":{"start":{"line":156,"column":4},"end":{"line":164,"column":7}},"76":{"start":{"line":157,"column":8},"end":{"line":162,"column":9}},"77":{"start":{"line":158,"column":24},"end":{"line":158,"column":46}},"78":{"start":{"line":159,"column":12},"end":{"line":161,"column":13}},"79":{"start":{"line":160,"column":16},"end":{"line":160,"column":72}},"80":{"start":{"line":163,"column":8},"end":{"line":163,"column":65}},"81":{"start":{"line":166,"column":4},"end":{"line":166,"column":15}},"82":{"start":{"line":170,"column":20},"end":{"line":170,"column":32}},"83":{"start":{"line":171,"column":22},"end":{"line":171,"column":40}},"84":{"start":{"line":173,"column":4},"end":{"line":176,"column":5}},"85":{"start":{"line":174,"column":8},"end":{"line":174,"column":80}},"86":{"start":{"line":175,"column":8},"end":{"line":175,"column":25}},"87":{"start":{"line":178,"column":4},"end":{"line":186,"column":7}},"88":{"start":{"line":179,"column":8},"end":{"line":179,"column":68}},"89":{"start":{"line":180,"column":8},"end":{"line":180,"column":55}},"90":{"start":{"line":181,"column":8},"end":{"line":181,"column":66}},"91":{"start":{"line":182,"column":8},"end":{"line":182,"column":63}},"92":{"start":{"line":183,"column":8},"end":{"line":183,"column":49}},"93":{"start":{"line":184,"column":8},"end":{"line":184,"column":49}},"94":{"start":{"line":185,"column":8},"end":{"line":185,"column":68}},"95":{"start":{"line":189,"column":0},"end":{"line":191,"column":1}},"96":{"start":{"line":190,"column":4},"end":{"line":190,"column":18}},"97":{"start":{"line":193,"column":0},"end":{"line":198,"column":2}}},"fnMap":{"0":{"name":"getAllowedOrigins","decl":{"start":{"line":10,"column":9},"end":{"line":10,"column":26}},"loc":{"start":{"line":10,"column":29},"end":{"line":21,"column":1}},"line":10},"1":{"name":"(anonymous_1)","decl":{"start":{"line":13,"column":41},"end":{"line":13,"column":42}},"loc":{"start":{"line":13,"column":53},"end":{"line":13,"column":66}},"line":13},"2":{"name":"isOriginAllowed","decl":{"start":{"line":23,"column":9},"end":{"line":23,"column":24}},"loc":{"start":{"line":23,"column":33},"end":{"line":26,"column":1}},"line":23},"3":{"name":"getLocalIP","decl":{"start":{"line":28,"column":9},"end":{"line":28,"column":19}},"loc":{"start":{"line":28,"column":22},"end":{"line":38,"column":1}},"line":28},"4":{"name":"createPool","decl":{"start":{"line":40,"column":9},"end":{"line":40,"column":19}},"loc":{"start":{"line":40,"column":28},"end":{"line":50,"column":1}},"line":40},"5":{"name":"createApp","decl":{"start":{"line":52,"column":9},"end":{"line":52,"column":18}},"loc":{"start":{"line":52,"column":47},"end":{"line":167,"column":1}},"line":52},"6":{"name":"(anonymous_6)","decl":{"start":{"line":58,"column":12},"end":{"line":58,"column":13}},"loc":{"start":{"line":58,"column":32},"end":{"line":72,"column":5}},"line":58},"7":{"name":"(anonymous_7)","decl":{"start":{"line":80,"column":17},"end":{"line":80,"column":18}},"loc":{"start":{"line":80,"column":36},"end":{"line":83,"column":9}},"line":80},"8":{"name":"(anonymous_8)","decl":{"start":{"line":84,"column":20},"end":{"line":84,"column":21}},"loc":{"start":{"line":84,"column":44},"end":{"line":86,"column":9}},"line":84},"9":{"name":"(anonymous_9)","decl":{"start":{"line":87,"column":20},"end":{"line":87,"column":21}},"loc":{"start":{"line":87,"column":44},"end":{"line":94,"column":9}},"line":87},"10":{"name":"(anonymous_10)","decl":{"start":{"line":99,"column":38},"end":{"line":99,"column":39}},"loc":{"start":{"line":99,"column":58},"end":{"line":136,"column":5}},"line":99},"11":{"name":"(anonymous_11)","decl":{"start":{"line":130,"column":22},"end":{"line":130,"column":23}},"loc":{"start":{"line":130,"column":32},"end":{"line":130,"column":83}},"line":130},"12":{"name":"(anonymous_12)","decl":{"start":{"line":144,"column":24},"end":{"line":144,"column":25}},"loc":{"start":{"line":144,"column":33},"end":{"line":146,"column":5}},"line":144},"13":{"name":"(anonymous_13)","decl":{"start":{"line":149,"column":34},"end":{"line":149,"column":35}},"loc":{"start":{"line":149,"column":48},"end":{"line":151,"column":5}},"line":149},"14":{"name":"(anonymous_14)","decl":{"start":{"line":156,"column":12},"end":{"line":156,"column":13}},"loc":{"start":{"line":156,"column":26},"end":{"line":164,"column":5}},"line":156},"15":{"name":"startServer","decl":{"start":{"line":169,"column":9},"end":{"line":169,"column":20}},"loc":{"start":{"line":169,"column":33},"end":{"line":187,"column":1}},"line":169},"16":{"name":"(anonymous_16)","decl":{"start":{"line":178,"column":38},"end":{"line":178,"column":39}},"loc":{"start":{"line":178,"column":44},"end":{"line":186,"column":5}},"line":178}},"branchMap":{"0":{"loc":{"start":{"line":7,"column":13},"end":{"line":7,"column":37}},"type":"binary-expr","locations":[{"start":{"line":7,"column":13},"end":{"line":7,"column":29}},{"start":{"line":7,"column":33},"end":{"line":7,"column":37}}],"line":7},"1":{"loc":{"start":{"line":8,"column":16},"end":{"line":8,"column":66}},"type":"binary-expr","locations":[{"start":{"line":8,"column":16},"end":{"line":8,"column":39}},{"start":{"line":8,"column":43},"end":{"line":8,"column":66}}],"line":8},"2":{"loc":{"start":{"line":12,"column":4},"end":{"line":14,"column":5}},"type":"if","locations":[{"start":{"line":12,"column":4},"end":{"line":14,"column":5}},{"start":{},"end":{}}],"line":12},"3":{"loc":{"start":{"line":24,"column":4},"end":{"line":24,"column":30}},"type":"if","locations":[{"start":{"line":24,"column":4},"end":{"line":24,"column":30}},{"start":{},"end":{}}],"line":24},"4":{"loc":{"start":{"line":32,"column":12},"end":{"line":34,"column":13}},"type":"if","locations":[{"start":{"line":32,"column":12},"end":{"line":34,"column":13}},{"start":{},"end":{}}],"line":32},"5":{"loc":{"start":{"line":32,"column":16},"end":{"line":32,"column":98}},"type":"binary-expr","locations":[{"start":{"line":32,"column":16},"end":{"line":32,"column":39}},{"start":{"line":32,"column":43},"end":{"line":32,"column":58}},{"start":{"line":32,"column":62},"end":{"line":32,"column":98}}],"line":32},"6":{"loc":{"start":{"line":42,"column":4},"end":{"line":42,"column":27}},"type":"if","locations":[{"start":{"line":42,"column":4},"end":{"line":42,"column":27}},{"start":{},"end":{}}],"line":42},"7":{"loc":{"start":{"line":45,"column":23},"end":{"line":45,"column":62}},"type":"binary-expr","locations":[{"start":{"line":45,"column":23},"end":{"line":45,"column":52}},{"start":{"line":45,"column":56},"end":{"line":45,"column":62}}],"line":45},"8":{"loc":{"start":{"line":52,"column":19},"end":{"line":52,"column":45}},"type":"default-arg","locations":[{"start":{"line":52,"column":43},"end":{"line":52,"column":45}}],"line":52},"9":{"loc":{"start":{"line":53,"column":24},"end":{"line":53,"column":56}},"type":"binary-expr","locations":[{"start":{"line":53,"column":24},"end":{"line":53,"column":28}},{"start":{"line":53,"column":32},"end":{"line":53,"column":56}}],"line":53},"10":{"loc":{"start":{"line":54,"column":28},"end":{"line":54,"column":67}},"type":"binary-expr","locations":[{"start":{"line":54,"column":28},"end":{"line":54,"column":39}},{"start":{"line":54,"column":43},"end":{"line":54,"column":67}}],"line":54},"11":{"loc":{"start":{"line":60,"column":8},"end":{"line":63,"column":9}},"type":"if","locations":[{"start":{"line":60,"column":8},"end":{"line":63,"column":9}},{"start":{},"end":{}}],"line":60},"12":{"loc":{"start":{"line":67,"column":8},"end":{"line":69,"column":9}},"type":"if","locations":[{"start":{"line":67,"column":8},"end":{"line":69,"column":9}},{"start":{},"end":{}}],"line":67},"13":{"loc":{"start":{"line":88,"column":27},"end":{"line":88,"column":67}},"type":"binary-expr","locations":[{"start":{"line":88,"column":27},"end":{"line":88,"column":30}},{"start":{"line":88,"column":34},"end":{"line":88,"column":45}},{"start":{"line":88,"column":49},"end":{"line":88,"column":67}}],"line":88},"14":{"loc":{"start":{"line":89,"column":12},"end":{"line":92,"column":13}},"type":"if","locations":[{"start":{"line":89,"column":12},"end":{"line":92,"column":13}},{"start":{},"end":{}}],"line":89},"15":{"loc":{"start":{"line":101,"column":12},"end":{"line":103,"column":13}},"type":"if","locations":[{"start":{"line":101,"column":12},"end":{"line":103,"column":13}},{"start":{},"end":{}}],"line":101},"16":{"loc":{"start":{"line":101,"column":16},"end":{"line":101,"column":48}},"type":"binary-expr","locations":[{"start":{"line":101,"column":16},"end":{"line":101,"column":28}},{"start":{"line":101,"column":32},"end":{"line":101,"column":48}}],"line":101},"17":{"loc":{"start":{"line":104,"column":29},"end":{"line":104,"column":53}},"type":"binary-expr","locations":[{"start":{"line":104,"column":29},"end":{"line":104,"column":47}},{"start":{"line":104,"column":51},"end":{"line":104,"column":53}}],"line":104},"18":{"loc":{"start":{"line":128,"column":12},"end":{"line":128,"column":93}},"type":"if","locations":[{"start":{"line":128,"column":12},"end":{"line":128,"column":93}},{"start":{},"end":{}}],"line":128},"19":{"loc":{"start":{"line":129,"column":12},"end":{"line":129,"column":93}},"type":"if","locations":[{"start":{"line":129,"column":12},"end":{"line":129,"column":93}},{"start":{},"end":{}}],"line":129},"20":{"loc":{"start":{"line":157,"column":8},"end":{"line":162,"column":9}},"type":"if","locations":[{"start":{"line":157,"column":8},"end":{"line":162,"column":9}},{"start":{},"end":{}}],"line":157},"21":{"loc":{"start":{"line":157,"column":12},"end":{"line":157,"column":64}},"type":"binary-expr","locations":[{"start":{"line":157,"column":12},"end":{"line":157,"column":32}},{"start":{"line":157,"column":36},"end":{"line":157,"column":64}}],"line":157},"22":{"loc":{"start":{"line":159,"column":12},"end":{"line":161,"column":13}},"type":"if","locations":[{"start":{"line":159,"column":12},"end":{"line":161,"column":13}},{"start":{},"end":{}}],"line":159},"23":{"loc":{"start":{"line":159,"column":16},"end":{"line":159,"column":45}},"type":"binary-expr","locations":[{"start":{"line":159,"column":16},"end":{"line":159,"column":26}},{"start":{"line":159,"column":30},"end":{"line":159,"column":45}}],"line":159},"24":{"loc":{"start":{"line":169,"column":21},"end":{"line":169,"column":31}},"type":"default-arg","locations":[{"start":{"line":169,"column":27},"end":{"line":169,"column":31}}],"line":169},"25":{"loc":{"start":{"line":171,"column":22},"end":{"line":171,"column":40}},"type":"binary-expr","locations":[{"start":{"line":171,"column":22},"end":{"line":171,"column":25}},{"start":{"line":171,"column":29},"end":{"line":171,"column":40}}],"line":171},"26":{"loc":{"start":{"line":173,"column":4},"end":{"line":176,"column":5}},"type":"if","locations":[{"start":{"line":173,"column":4},"end":{"line":176,"column":5}},{"start":{},"end":{}}],"line":173},"27":{"loc":{"start":{"line":189,"column":0},"end":{"line":191,"column":1}},"type":"if","locations":[{"start":{"line":189,"column":0},"end":{"line":191,"column":1}},{"start":{},"end":{}}],"line":189}},"s":{"0":1,"1":1,"2":1,"3":1,"4":1,"5":1,"6":1,"7":1,"8":1,"9":0,"10":0,"11":1,"12":8,"13":7,"14":1,"15":4,"16":4,"17":4,"18":10,"19":3,"20":1,"21":2,"22":2,"23":1,"24":1,"25":17,"26":17,"27":17,"28":17,"29":7,"30":7,"31":0,"32":0,"33":7,"34":7,"35":7,"36":7,"37":1,"38":6,"39":6,"40":17,"41":17,"42":1,"43":1,"44":1,"45":1,"46":1,"47":1,"48":1,"49":1,"50":17,"51":17,"52":3,"53":3,"54":0,"55":3,"56":3,"57":3,"58":3,"59":3,"60":2,"61":2,"62":2,"63":2,"64":1,"65":2,"66":1,"67":2,"68":1,"69":1,"70":17,"71":17,"72":68,"73":17,"74":1,"75":17,"76":2,"77":1,"78":1,"79":1,"80":1,"81":17,"82":2,"83":2,"84":2,"85":0,"86":0,"87":2,"88":2,"89":2,"90":2,"91":2,"92":2,"93":2,"94":2,"95":1,"96":0,"97":1},"f":{"0":1,"1":0,"2":8,"3":4,"4":2,"5":17,"6":7,"7":1,"8":1,"9":1,"10":3,"11":1,"12":68,"13":1,"14":2,"15":2,"16":2},"b":{"0":[1,1],"1":[1,1],"2":[0,1],"3":[7,1],"4":[3,7],"5":[10,4,3],"6":[1,1],"7":[1,0],"8":[0],"9":[17,0],"10":[17,0],"11":[0,7],"12":[1,6],"13":[1,1,1],"14":[1,0],"15":[0,3],"16":[3,3],"17":[3,2],"18":[2,0],"19":[1,1],"20":[1,1],"21":[2,2],"22":[1,0],"23":[1,0],"24":[0],"25":[2,0],"26":[0,2],"27":[0,1]},"_coverageSchema":"1a1c01bbd47fc00a2c39e90264f33305004495a9","hash":"81208bb2f016d95377570225379c7b1fc559817c"}
}
