{"C:\\Users\\Karol\\Documents\\Semestre 7\\Desarrollo\\vivaeventos-proyecto\\server.js": {"path":"C:\\Users\\Karol\\Documents\\Semestre 7\\Desarrollo\\vivaeventos-proyecto\\server.js","statementMap":{"0":{"start":{"line":1,"column":16},"end":{"line":1,"column":34}},"1":{"start":{"line":2,"column":14},"end":{"line":2,"column":30}},"2":{"start":{"line":3,"column":13},"end":{"line":3,"column":28}},"3":{"start":{"line":4,"column":11},"end":{"line":4,"column":24}},"4":{"start":{"line":5,"column":17},"end":{"line":5,"column":30}},"5":{"start":{"line":6,"column":34},"end":{"line":6,"column":66}},"6":{"start":{"line":7,"column":11},"end":{"line":7,"column":24}},"7":{"start":{"line":9,"column":13},"end":{"line":9,"column":37}},"8":{"start":{"line":10,"column":17},"end":{"line":10,"column":21}},"9":{"start":{"line":11,"column":16},"end":{"line":11,"column":66}},"10":{"start":{"line":14,"column":23},"end":{"line":14,"column":50}},"11":{"start":{"line":15,"column":4},"end":{"line":17,"column":5}},"12":{"start":{"line":16,"column":8},"end":{"line":16,"column":84}},"13":{"start":{"line":16,"column":53},"end":{"line":16,"column":66}},"14":{"start":{"line":18,"column":4},"end":{"line":23,"column":6}},"15":{"start":{"line":27,"column":4},"end":{"line":27,"column":30}},"16":{"start":{"line":27,"column":17},"end":{"line":27,"column":30}},"17":{"start":{"line":28,"column":4},"end":{"line":28,"column":48}},"18":{"start":{"line":32,"column":23},"end":{"line":32,"column":45}},"19":{"start":{"line":33,"column":4},"end":{"line":39,"column":5}},"20":{"start":{"line":34,"column":8},"end":{"line":38,"column":9}},"21":{"start":{"line":35,"column":12},"end":{"line":37,"column":13}},"22":{"start":{"line":36,"column":16},"end":{"line":36,"column":37}},"23":{"start":{"line":40,"column":4},"end":{"line":40,"column":23}},"24":{"start":{"line":44,"column":17},"end":{"line":44,"column":46}},"25":{"start":{"line":45,"column":4},"end":{"line":45,"column":27}},"26":{"start":{"line":45,"column":15},"end":{"line":45,"column":27}},"27":{"start":{"line":46,"column":4},"end":{"line":52,"column":7}},"28":{"start":{"line":56,"column":24},"end":{"line":62,"column":6}},"29":{"start":{"line":63,"column":28},"end":{"line":69,"column":6}},"30":{"start":{"line":71,"column":16},"end":{"line":71,"column":25}},"31":{"start":{"line":73,"column":4},"end":{"line":87,"column":7}},"32":{"start":{"line":74,"column":23},"end":{"line":74,"column":41}},"33":{"start":{"line":75,"column":8},"end":{"line":78,"column":9}},"34":{"start":{"line":76,"column":12},"end":{"line":76,"column":62}},"35":{"start":{"line":77,"column":12},"end":{"line":77,"column":41}},"36":{"start":{"line":79,"column":8},"end":{"line":79,"column":93}},"37":{"start":{"line":80,"column":8},"end":{"line":80,"column":116}},"38":{"start":{"line":81,"column":8},"end":{"line":81,"column":70}},"39":{"start":{"line":82,"column":8},"end":{"line":84,"column":9}},"40":{"start":{"line":83,"column":12},"end":{"line":83,"column":39}},"41":{"start":{"line":85,"column":8},"end":{"line":85,"column":54}},"42":{"start":{"line":86,"column":8},"end":{"line":86,"column":15}},"43":{"start":{"line":89,"column":4},"end":{"line":89,"column":71}},"44":{"start":{"line":91,"column":21},"end":{"line":110,"column":6}},"45":{"start":{"line":96,"column":12},"end":{"line":96,"column":56}},"46":{"start":{"line":97,"column":12},"end":{"line":97,"column":69}},"47":{"start":{"line":100,"column":12},"end":{"line":100,"column":81}},"48":{"start":{"line":103,"column":27},"end":{"line":103,"column":67}},"49":{"start":{"line":104,"column":12},"end":{"line":107,"column":13}},"50":{"start":{"line":105,"column":16},"end":{"line":105,"column":73}},"51":{"start":{"line":106,"column":16},"end":{"line":106,"column":52}},"52":{"start":{"line":108,"column":12},"end":{"line":108,"column":86}},"53":{"start":{"line":112,"column":4},"end":{"line":112,"column":33}},"54":{"start":{"line":114,"column":4},"end":{"line":148,"column":7}},"55":{"start":{"line":115,"column":8},"end":{"line":147,"column":9}},"56":{"start":{"line":116,"column":29},"end":{"line":116,"column":53}},"57":{"start":{"line":117,"column":31},"end":{"line":125,"column":50}},"58":{"start":{"line":126,"column":31},"end":{"line":133,"column":50}},"59":{"start":{"line":134,"column":27},"end":{"line":134,"column":37}},"60":{"start":{"line":135,"column":45},"end":{"line":138,"column":14}},"61":{"start":{"line":139,"column":23},"end":{"line":139,"column":25}},"62":{"start":{"line":140,"column":12},"end":{"line":140,"column":93}},"63":{"start":{"line":140,"column":51},"end":{"line":140,"column":93}},"64":{"start":{"line":141,"column":12},"end":{"line":141,"column":93}},"65":{"start":{"line":141,"column":51},"end":{"line":141,"column":93}},"66":{"start":{"line":142,"column":12},"end":{"line":142,"column":85}},"67":{"start":{"line":142,"column":32},"end":{"line":142,"column":83}},"68":{"start":{"line":143,"column":12},"end":{"line":143,"column":27}},"69":{"start":{"line":145,"column":12},"end":{"line":145,"column":53}},"70":{"start":{"line":146,"column":12},"end":{"line":146,"column":57}},"71":{"start":{"line":155,"column":24},"end":{"line":155,"column":64}},"72":{"start":{"line":156,"column":4},"end":{"line":158,"column":7}},"73":{"start":{"line":157,"column":8},"end":{"line":157,"column":70}},"74":{"start":{"line":161,"column":4},"end":{"line":163,"column":7}},"75":{"start":{"line":162,"column":8},"end":{"line":162,"column":57}},"76":{"start":{"line":168,"column":4},"end":{"line":176,"column":7}},"77":{"start":{"line":169,"column":8},"end":{"line":174,"column":9}},"78":{"start":{"line":170,"column":24},"end":{"line":170,"column":46}},"79":{"start":{"line":171,"column":12},"end":{"line":173,"column":13}},"80":{"start":{"line":172,"column":16},"end":{"line":172,"column":72}},"81":{"start":{"line":175,"column":8},"end":{"line":175,"column":65}},"82":{"start":{"line":178,"column":4},"end":{"line":178,"column":15}},"83":{"start":{"line":182,"column":20},"end":{"line":182,"column":32}},"84":{"start":{"line":183,"column":22},"end":{"line":183,"column":40}},"85":{"start":{"line":185,"column":4},"end":{"line":188,"column":5}},"86":{"start":{"line":186,"column":8},"end":{"line":186,"column":80}},"87":{"start":{"line":187,"column":8},"end":{"line":187,"column":25}},"88":{"start":{"line":190,"column":4},"end":{"line":198,"column":7}},"89":{"start":{"line":191,"column":8},"end":{"line":191,"column":68}},"90":{"start":{"line":192,"column":8},"end":{"line":192,"column":55}},"91":{"start":{"line":193,"column":8},"end":{"line":193,"column":66}},"92":{"start":{"line":194,"column":8},"end":{"line":194,"column":63}},"93":{"start":{"line":195,"column":8},"end":{"line":195,"column":74}},"94":{"start":{"line":196,"column":8},"end":{"line":196,"column":49}},"95":{"start":{"line":197,"column":8},"end":{"line":197,"column":68}},"96":{"start":{"line":201,"column":0},"end":{"line":203,"column":1}},"97":{"start":{"line":202,"column":4},"end":{"line":202,"column":18}},"98":{"start":{"line":205,"column":0},"end":{"line":210,"column":2}}},"fnMap":{"0":{"name":"getAllowedOrigins","decl":{"start":{"line":13,"column":9},"end":{"line":13,"column":26}},"loc":{"start":{"line":13,"column":29},"end":{"line":24,"column":1}},"line":13},"1":{"name":"(anonymous_1)","decl":{"start":{"line":16,"column":41},"end":{"line":16,"column":42}},"loc":{"start":{"line":16,"column":53},"end":{"line":16,"column":66}},"line":16},"2":{"name":"isOriginAllowed","decl":{"start":{"line":26,"column":9},"end":{"line":26,"column":24}},"loc":{"start":{"line":26,"column":33},"end":{"line":29,"column":1}},"line":26},"3":{"name":"getLocalIP","decl":{"start":{"line":31,"column":9},"end":{"line":31,"column":19}},"loc":{"start":{"line":31,"column":22},"end":{"line":41,"column":1}},"line":31},"4":{"name":"createPool","decl":{"start":{"line":43,"column":9},"end":{"line":43,"column":19}},"loc":{"start":{"line":43,"column":28},"end":{"line":53,"column":1}},"line":43},"5":{"name":"createApp","decl":{"start":{"line":55,"column":9},"end":{"line":55,"column":18}},"loc":{"start":{"line":55,"column":47},"end":{"line":179,"column":1}},"line":55},"6":{"name":"(anonymous_6)","decl":{"start":{"line":73,"column":12},"end":{"line":73,"column":13}},"loc":{"start":{"line":73,"column":32},"end":{"line":87,"column":5}},"line":73},"7":{"name":"(anonymous_7)","decl":{"start":{"line":95,"column":17},"end":{"line":95,"column":18}},"loc":{"start":{"line":95,"column":36},"end":{"line":98,"column":9}},"line":95},"8":{"name":"(anonymous_8)","decl":{"start":{"line":99,"column":20},"end":{"line":99,"column":21}},"loc":{"start":{"line":99,"column":44},"end":{"line":101,"column":9}},"line":99},"9":{"name":"(anonymous_9)","decl":{"start":{"line":102,"column":20},"end":{"line":102,"column":21}},"loc":{"start":{"line":102,"column":44},"end":{"line":109,"column":9}},"line":102},"10":{"name":"(anonymous_10)","decl":{"start":{"line":114,"column":38},"end":{"line":114,"column":39}},"loc":{"start":{"line":114,"column":58},"end":{"line":148,"column":5}},"line":114},"11":{"name":"(anonymous_11)","decl":{"start":{"line":142,"column":22},"end":{"line":142,"column":23}},"loc":{"start":{"line":142,"column":32},"end":{"line":142,"column":83}},"line":142},"12":{"name":"(anonymous_12)","decl":{"start":{"line":156,"column":24},"end":{"line":156,"column":25}},"loc":{"start":{"line":156,"column":33},"end":{"line":158,"column":5}},"line":156},"13":{"name":"(anonymous_13)","decl":{"start":{"line":161,"column":34},"end":{"line":161,"column":35}},"loc":{"start":{"line":161,"column":48},"end":{"line":163,"column":5}},"line":161},"14":{"name":"(anonymous_14)","decl":{"start":{"line":168,"column":12},"end":{"line":168,"column":13}},"loc":{"start":{"line":168,"column":26},"end":{"line":176,"column":5}},"line":168},"15":{"name":"startServer","decl":{"start":{"line":181,"column":9},"end":{"line":181,"column":20}},"loc":{"start":{"line":181,"column":33},"end":{"line":199,"column":1}},"line":181},"16":{"name":"(anonymous_16)","decl":{"start":{"line":190,"column":38},"end":{"line":190,"column":39}},"loc":{"start":{"line":190,"column":44},"end":{"line":198,"column":5}},"line":190}},"branchMap":{"0":{"loc":{"start":{"line":9,"column":13},"end":{"line":9,"column":37}},"type":"binary-expr","locations":[{"start":{"line":9,"column":13},"end":{"line":9,"column":29}},{"start":{"line":9,"column":33},"end":{"line":9,"column":37}}],"line":9},"1":{"loc":{"start":{"line":11,"column":16},"end":{"line":11,"column":66}},"type":"binary-expr","locations":[{"start":{"line":11,"column":16},"end":{"line":11,"column":39}},{"start":{"line":11,"column":43},"end":{"line":11,"column":66}}],"line":11},"2":{"loc":{"start":{"line":15,"column":4},"end":{"line":17,"column":5}},"type":"if","locations":[{"start":{"line":15,"column":4},"end":{"line":17,"column":5}},{"start":{},"end":{}}],"line":15},"3":{"loc":{"start":{"line":27,"column":4},"end":{"line":27,"column":30}},"type":"if","locations":[{"start":{"line":27,"column":4},"end":{"line":27,"column":30}},{"start":{},"end":{}}],"line":27},"4":{"loc":{"start":{"line":35,"column":12},"end":{"line":37,"column":13}},"type":"if","locations":[{"start":{"line":35,"column":12},"end":{"line":37,"column":13}},{"start":{},"end":{}}],"line":35},"5":{"loc":{"start":{"line":35,"column":16},"end":{"line":35,"column":98}},"type":"binary-expr","locations":[{"start":{"line":35,"column":16},"end":{"line":35,"column":39}},{"start":{"line":35,"column":43},"end":{"line":35,"column":58}},{"start":{"line":35,"column":62},"end":{"line":35,"column":98}}],"line":35},"6":{"loc":{"start":{"line":45,"column":4},"end":{"line":45,"column":27}},"type":"if","locations":[{"start":{"line":45,"column":4},"end":{"line":45,"column":27}},{"start":{},"end":{}}],"line":45},"7":{"loc":{"start":{"line":48,"column":23},"end":{"line":48,"column":62}},"type":"binary-expr","locations":[{"start":{"line":48,"column":23},"end":{"line":48,"column":52}},{"start":{"line":48,"column":56},"end":{"line":48,"column":62}}],"line":48},"8":{"loc":{"start":{"line":55,"column":19},"end":{"line":55,"column":45}},"type":"default-arg","locations":[{"start":{"line":55,"column":43},"end":{"line":55,"column":45}}],"line":55},"9":{"loc":{"start":{"line":56,"column":24},"end":{"line":62,"column":6}},"type":"binary-expr","locations":[{"start":{"line":56,"column":24},"end":{"line":56,"column":28}},{"start":{"line":56,"column":32},"end":{"line":56,"column":56}},{"start":{"line":56,"column":60},"end":{"line":62,"column":6}}],"line":56},"10":{"loc":{"start":{"line":63,"column":28},"end":{"line":69,"column":6}},"type":"binary-expr","locations":[{"start":{"line":63,"column":28},"end":{"line":63,"column":39}},{"start":{"line":63,"column":43},"end":{"line":63,"column":67}},{"start":{"line":63,"column":71},"end":{"line":69,"column":6}}],"line":63},"11":{"loc":{"start":{"line":75,"column":8},"end":{"line":78,"column":9}},"type":"if","locations":[{"start":{"line":75,"column":8},"end":{"line":78,"column":9}},{"start":{},"end":{}}],"line":75},"12":{"loc":{"start":{"line":82,"column":8},"end":{"line":84,"column":9}},"type":"if","locations":[{"start":{"line":82,"column":8},"end":{"line":84,"column":9}},{"start":{},"end":{}}],"line":82},"13":{"loc":{"start":{"line":103,"column":27},"end":{"line":103,"column":67}},"type":"binary-expr","locations":[{"start":{"line":103,"column":27},"end":{"line":103,"column":30}},{"start":{"line":103,"column":34},"end":{"line":103,"column":45}},{"start":{"line":103,"column":49},"end":{"line":103,"column":67}}],"line":103},"14":{"loc":{"start":{"line":104,"column":12},"end":{"line":107,"column":13}},"type":"if","locations":[{"start":{"line":104,"column":12},"end":{"line":107,"column":13}},{"start":{},"end":{}}],"line":104},"15":{"loc":{"start":{"line":116,"column":29},"end":{"line":116,"column":53}},"type":"binary-expr","locations":[{"start":{"line":116,"column":29},"end":{"line":116,"column":47}},{"start":{"line":116,"column":51},"end":{"line":116,"column":53}}],"line":116},"16":{"loc":{"start":{"line":140,"column":12},"end":{"line":140,"column":93}},"type":"if","locations":[{"start":{"line":140,"column":12},"end":{"line":140,"column":93}},{"start":{},"end":{}}],"line":140},"17":{"loc":{"start":{"line":141,"column":12},"end":{"line":141,"column":93}},"type":"if","locations":[{"start":{"line":141,"column":12},"end":{"line":141,"column":93}},{"start":{},"end":{}}],"line":141},"18":{"loc":{"start":{"line":169,"column":8},"end":{"line":174,"column":9}},"type":"if","locations":[{"start":{"line":169,"column":8},"end":{"line":174,"column":9}},{"start":{},"end":{}}],"line":169},"19":{"loc":{"start":{"line":169,"column":12},"end":{"line":169,"column":64}},"type":"binary-expr","locations":[{"start":{"line":169,"column":12},"end":{"line":169,"column":32}},{"start":{"line":169,"column":36},"end":{"line":169,"column":64}}],"line":169},"20":{"loc":{"start":{"line":171,"column":12},"end":{"line":173,"column":13}},"type":"if","locations":[{"start":{"line":171,"column":12},"end":{"line":173,"column":13}},{"start":{},"end":{}}],"line":171},"21":{"loc":{"start":{"line":171,"column":16},"end":{"line":171,"column":45}},"type":"binary-expr","locations":[{"start":{"line":171,"column":16},"end":{"line":171,"column":26}},{"start":{"line":171,"column":30},"end":{"line":171,"column":45}}],"line":171},"22":{"loc":{"start":{"line":181,"column":21},"end":{"line":181,"column":31}},"type":"default-arg","locations":[{"start":{"line":181,"column":27},"end":{"line":181,"column":31}}],"line":181},"23":{"loc":{"start":{"line":183,"column":22},"end":{"line":183,"column":40}},"type":"binary-expr","locations":[{"start":{"line":183,"column":22},"end":{"line":183,"column":25}},{"start":{"line":183,"column":29},"end":{"line":183,"column":40}}],"line":183},"24":{"loc":{"start":{"line":185,"column":4},"end":{"line":188,"column":5}},"type":"if","locations":[{"start":{"line":185,"column":4},"end":{"line":188,"column":5}},{"start":{},"end":{}}],"line":185},"25":{"loc":{"start":{"line":201,"column":0},"end":{"line":203,"column":1}},"type":"if","locations":[{"start":{"line":201,"column":0},"end":{"line":203,"column":1}},{"start":{},"end":{}}],"line":201}},"s":{"0":1,"1":1,"2":1,"3":1,"4":1,"5":1,"6":1,"7":1,"8":1,"9":1,"10":1,"11":1,"12":0,"13":0,"14":1,"15":8,"16":7,"17":1,"18":4,"19":4,"20":4,"21":10,"22":3,"23":1,"24":2,"25":2,"26":1,"27":1,"28":17,"29":17,"30":17,"31":17,"32":7,"33":7,"34":0,"35":0,"36":7,"37":7,"38":7,"39":7,"40":1,"41":6,"42":6,"43":17,"44":17,"45":1,"46":1,"47":1,"48":1,"49":1,"50":1,"51":1,"52":1,"53":17,"54":17,"55":3,"56":3,"57":3,"58":3,"59":3,"60":3,"61":2,"62":2,"63":2,"64":2,"65":1,"66":2,"67":1,"68":2,"69":1,"70":1,"71":17,"72":17,"73":68,"74":17,"75":1,"76":17,"77":2,"78":1,"79":1,"80":1,"81":1,"82":17,"83":2,"84":2,"85":2,"86":0,"87":0,"88":2,"89":2,"90":2,"91":2,"92":2,"93":2,"94":2,"95":2,"96":1,"97":0,"98":1},"f":{"0":1,"1":0,"2":8,"3":4,"4":2,"5":17,"6":7,"7":1,"8":1,"9":1,"10":3,"11":1,"12":68,"13":1,"14":2,"15":2,"16":2},"b":{"0":[1,1],"1":[1,1],"2":[0,1],"3":[7,1],"4":[3,7],"5":[10,4,3],"6":[1,1],"7":[1,0],"8":[0],"9":[17,0,0],"10":[17,0,0],"11":[0,7],"12":[1,6],"13":[1,1,1],"14":[1,0],"15":[3,2],"16":[2,0],"17":[1,1],"18":[1,1],"19":[2,2],"20":[1,0],"21":[1,0],"22":[0],"23":[2,0],"24":[0,2],"25":[0,1]},"_coverageSchema":"1a1c01bbd47fc00a2c39e90264f33305004495a9","hash":"eebc3ddecee79624e489abba7e42b091deb92112"}
}
