TN:
SF:server.js
FN:10,getAllowedOrigins
FN:13,(anonymous_1)
FN:23,isOriginAllowed
FN:28,getLocalIP
FN:40,createPool
FN:52,createApp
FN:58,(anonymous_6)
FN:80,(anonymous_7)
FN:84,(anonymous_8)
FN:87,(anonymous_9)
FN:99,(anonymous_10)
FN:130,(anonymous_11)
FN:144,(anonymous_12)
FN:149,(anonymous_13)
FN:156,(anonymous_14)
FN:169,startServer
FN:178,(anonymous_16)
FNF:17
FNH:16
FNDA:1,getAllowedOrigins
FNDA:0,(anonymous_1)
FNDA:8,isOriginAllowed
FNDA:4,getLocalIP
FNDA:2,createPool
FNDA:17,createApp
FNDA:7,(anonymous_6)
FNDA:1,(anonymous_7)
FNDA:1,(anonymous_8)
FNDA:1,(anonymous_9)
FNDA:3,(anonymous_10)
FNDA:1,(anonymous_11)
FNDA:68,(anonymous_12)
FNDA:1,(anonymous_13)
FNDA:2,(anonymous_14)
FNDA:2,startServer
FNDA:2,(anonymous_16)
DA:1,1
DA:2,1
DA:3,1
DA:4,1
DA:5,1
DA:7,1
DA:8,1
DA:11,1
DA:12,1
DA:13,0
DA:15,1
DA:24,8
DA:25,1
DA:29,4
DA:30,4
DA:31,4
DA:32,10
DA:33,3
DA:37,1
DA:41,2
DA:42,2
DA:43,1
DA:53,17
DA:54,17
DA:56,17
DA:58,17
DA:59,7
DA:60,7
DA:61,0
DA:62,0
DA:64,7
DA:65,7
DA:66,7
DA:67,7
DA:68,1
DA:70,6
DA:71,6
DA:74,17
DA:76,17
DA:81,1
DA:82,1
DA:85,1
DA:88,1
DA:89,1
DA:90,1
DA:91,1
DA:93,1
DA:97,17
DA:99,17
DA:100,3
DA:101,3
DA:102,0
DA:104,3
DA:105,3
DA:114,3
DA:122,3
DA:123,3
DA:127,2
DA:128,2
DA:129,2
DA:130,2
DA:131,2
DA:133,1
DA:134,1
DA:143,17
DA:144,17
DA:145,68
DA:149,17
DA:150,1
DA:156,17
DA:157,2
DA:158,1
DA:159,1
DA:160,1
DA:163,1
DA:166,17
DA:170,2
DA:171,2
DA:173,2
DA:174,0
DA:175,0
DA:178,2
DA:179,2
DA:180,2
DA:181,2
DA:182,2
DA:183,2
DA:184,2
DA:185,2
DA:189,1
DA:190,0
DA:193,1
LF:92
LH:85
BRDA:7,0,0,1
BRDA:7,0,1,1
BRDA:8,1,0,1
BRDA:8,1,1,1
BRDA:12,2,0,0
BRDA:12,2,1,1
BRDA:24,3,0,7
BRDA:24,3,1,1
BRDA:32,4,0,3
BRDA:32,4,1,7
BRDA:32,5,0,10
BRDA:32,5,1,4
BRDA:32,5,2,3
BRDA:42,6,0,1
BRDA:42,6,1,1
BRDA:45,7,0,1
BRDA:45,7,1,0
BRDA:52,8,0,0
BRDA:53,9,0,17
BRDA:53,9,1,0
BRDA:54,10,0,17
BRDA:54,10,1,0
BRDA:60,11,0,0
BRDA:60,11,1,7
BRDA:67,12,0,1
BRDA:67,12,1,6
BRDA:88,13,0,1
BRDA:88,13,1,1
BRDA:88,13,2,1
BRDA:89,14,0,1
BRDA:89,14,1,0
BRDA:101,15,0,0
BRDA:101,15,1,3
BRDA:101,16,0,3
BRDA:101,16,1,3
BRDA:104,17,0,3
BRDA:104,17,1,2
BRDA:128,18,0,2
BRDA:128,18,1,0
BRDA:129,19,0,1
BRDA:129,19,1,1
BRDA:157,20,0,1
BRDA:157,20,1,1
BRDA:157,21,0,2
BRDA:157,21,1,2
BRDA:159,22,0,1
BRDA:159,22,1,0
BRDA:159,23,0,1
BRDA:159,23,1,0
BRDA:169,24,0,0
BRDA:171,25,0,2
BRDA:171,25,1,0
BRDA:173,26,0,0
BRDA:173,26,1,2
BRDA:189,27,0,0
BRDA:189,27,1,1
BRF:56
BRH:41
end_of_record
