TN:
SF:server.js
FN:13,getAllowedOrigins
FN:16,(anonymous_1)
FN:26,isOriginAllowed
FN:31,getLocalIP
FN:43,createPool
FN:55,createApp
FN:73,(anonymous_6)
FN:95,(anonymous_7)
FN:99,(anonymous_8)
FN:102,(anonymous_9)
FN:114,(anonymous_10)
FN:142,(anonymous_11)
FN:156,(anonymous_12)
FN:161,(anonymous_13)
FN:168,(anonymous_14)
FN:181,startServer
FN:190,(anonymous_16)
FNF:17
FNH:16
FNDA:1,getAllowedOrigins
FNDA:0,(anonymous_1)
FNDA:8,isOriginAllowed
FNDA:4,getLocalIP
FNDA:2,createPool
FNDA:17,createApp
FNDA:7,(anonymous_6)
FNDA:1,(anonymous_7)
FNDA:1,(anonymous_8)
FNDA:1,(anonymous_9)
FNDA:3,(anonymous_10)
FNDA:1,(anonymous_11)
FNDA:68,(anonymous_12)
FNDA:1,(anonymous_13)
FNDA:2,(anonymous_14)
FNDA:2,startServer
FNDA:2,(anonymous_16)
DA:1,1
DA:2,1
DA:3,1
DA:4,1
DA:5,1
DA:6,1
DA:7,1
DA:9,1
DA:10,1
DA:11,1
DA:14,1
DA:15,1
DA:16,0
DA:18,1
DA:27,8
DA:28,1
DA:32,4
DA:33,4
DA:34,4
DA:35,10
DA:36,3
DA:40,1
DA:44,2
DA:45,2
DA:46,1
DA:56,17
DA:63,17
DA:71,17
DA:73,17
DA:74,7
DA:75,7
DA:76,0
DA:77,0
DA:79,7
DA:80,7
DA:81,7
DA:82,7
DA:83,1
DA:85,6
DA:86,6
DA:89,17
DA:91,17
DA:96,1
DA:97,1
DA:100,1
DA:103,1
DA:104,1
DA:105,1
DA:106,1
DA:108,1
DA:112,17
DA:114,17
DA:115,3
DA:116,3
DA:117,3
DA:126,3
DA:134,3
DA:135,3
DA:139,2
DA:140,2
DA:141,2
DA:142,2
DA:143,2
DA:145,1
DA:146,1
DA:155,17
DA:156,17
DA:157,68
DA:161,17
DA:162,1
DA:168,17
DA:169,2
DA:170,1
DA:171,1
DA:172,1
DA:175,1
DA:178,17
DA:182,2
DA:183,2
DA:185,2
DA:186,0
DA:187,0
DA:190,2
DA:191,2
DA:192,2
DA:193,2
DA:194,2
DA:195,2
DA:196,2
DA:197,2
DA:201,1
DA:202,0
DA:205,1
LF:93
LH:87
BRDA:9,0,0,1
BRDA:9,0,1,1
BRDA:11,1,0,1
BRDA:11,1,1,1
BRDA:15,2,0,0
BRDA:15,2,1,1
BRDA:27,3,0,7
BRDA:27,3,1,1
BRDA:35,4,0,3
BRDA:35,4,1,7
BRDA:35,5,0,10
BRDA:35,5,1,4
BRDA:35,5,2,3
BRDA:45,6,0,1
BRDA:45,6,1,1
BRDA:48,7,0,1
BRDA:48,7,1,0
BRDA:55,8,0,0
BRDA:56,9,0,17
BRDA:56,9,1,0
BRDA:56,9,2,0
BRDA:63,10,0,17
BRDA:63,10,1,0
BRDA:63,10,2,0
BRDA:75,11,0,0
BRDA:75,11,1,7
BRDA:82,12,0,1
BRDA:82,12,1,6
BRDA:103,13,0,1
BRDA:103,13,1,1
BRDA:103,13,2,1
BRDA:104,14,0,1
BRDA:104,14,1,0
BRDA:116,15,0,3
BRDA:116,15,1,2
BRDA:140,16,0,2
BRDA:140,16,1,0
BRDA:141,17,0,1
BRDA:141,17,1,1
BRDA:169,18,0,1
BRDA:169,18,1,1
BRDA:169,19,0,2
BRDA:169,19,1,2
BRDA:171,20,0,1
BRDA:171,20,1,0
BRDA:171,21,0,1
BRDA:171,21,1,0
BRDA:181,22,0,0
BRDA:183,23,0,2
BRDA:183,23,1,0
BRDA:185,24,0,0
BRDA:185,24,1,2
BRDA:201,25,0,0
BRDA:201,25,1,1
BRF:54
BRH:38
end_of_record
